<?xml version="1.0" encoding="UTF-8"?>
<!-- Generated by org.testng.reporters.JUnitXMLReporter -->
<testsuite ignored="0" hostname="Georgievski" failures="1" tests="14" name="Surefire test" time="83.384" errors="0" timestamp="2024-07-22T21:19:12 CEST">
  <testcase classname="testcases.LoginPOTest" name="verifyLoginWithValidCredentials" time="1.006"/>
  <testcase classname="testcases.LoginPOTest" name="verifyLoginWithInvalidCredentials" time="0.61"/>
  <testcase classname="testcases.LoginPOTest" name="verifyLoginWithInvalidEmailAndValidPassword" time="0.638"/>
  <testcase classname="testcases.LoginPOTest" name="verifyLoginWithValidEmailAndInvalidPassword" time="0.622"/>
  <testcase classname="testcases.LoginPOTest" name="verifyLoginWithoutProvidingCredentials" time="0.613"/>
  <testcase classname="testcases.LoginPOTest" name="verifyForgottenPasswordIsDisplayedInLoginPage" time="0.014"/>
  <testcase classname="testcases.LoginPOTest" name="verifyPlaceholderText" time="0.032"/>
  <testcase classname="testcases.RegisterPOTest" name="verifyRegisteringAnAccountWithMandatoryFields" time="1.224"/>
  <testcase classname="testcases.RegisterPOTest" name="verifyRegisteringAccountByProvidingAllFields" time="1.417"/>
  <testcase classname="testcases.RegisterPOTest" name="verifyRegisteringAccountWithExistingEmailAddress" time="1.045"/>
  <testcase classname="testcases.RegisterPOTest" name="verifyRegisteringAccountWithoutFillingAnyDetails" time="0.55"/>
  <testcase classname="testcases.SearchPOTest" name="verifySearchWithValidProduct" time="0.761"/>
  <testcase classname="testcases.SearchPOTest" name="verifySearchWithInvalidProduct" time="0.485">
    <failure type="java.lang.AssertionError" message="No product in search results is displayed expected [sdadada] but found [There is no product that matches the search criteria.]">
      <![CDATA[java.lang.AssertionError: No product in search results is displayed expected [sdadada] but found [There is no product that matches the search criteria.]
at testcases.SearchPOTest.verifySearchWithInvalidProduct(SearchPOTest.java:45)
at java.base/java.util.ArrayList.forEach(ArrayList.java:1511)
... Removed 35 stack frames]]>
    </failure>
  </testcase> <!-- verifySearchWithInvalidProduct -->
  <testcase classname="testcases.SearchPOTest" name="verifySearchWithoutAnyProduct" time="0.001">
    <skipped/>
  </testcase> <!-- verifySearchWithoutAnyProduct -->
</testsuite> <!-- Surefire test -->
