<?xml version="1.0" encoding="UTF-8"?>
<!-- Generated by org.testng.reporters.JUnitXMLReporter -->
<testsuite ignored="0" hostname="Georgievski" failures="1" tests="14" name="TutorialsNinja Test Cases" time="84.678" errors="0" timestamp="2024-07-22T22:16:41 CEST">
  <testcase classname="testcases.RegisterPOTest" name="verifyRegisteringAnAccountWithMandatoryFields" time="1.23"/>
  <testcase classname="testcases.RegisterPOTest" name="verifyRegisteringAccountByProvidingAllFields" time="1.427"/>
  <testcase classname="testcases.RegisterPOTest" name="verifyRegisteringAccountWithExistingEmailAddress" time="1.063"/>
  <testcase classname="testcases.RegisterPOTest" name="verifyRegisteringAccountWithoutFillingAnyDetails" time="0.518"/>
  <testcase classname="testcases.LoginPOTest" name="verifyLoginWithValidCredentials" time="0.981"/>
  <testcase classname="testcases.LoginPOTest" name="verifyLoginWithInvalidCredentials" time="0.738"/>
  <testcase classname="testcases.LoginPOTest" name="verifyLoginWithInvalidEmailAndValidPassword" time="0.687"/>
  <testcase classname="testcases.LoginPOTest" name="verifyLoginWithValidEmailAndInvalidPassword" time="0.644"/>
  <testcase classname="testcases.LoginPOTest" name="verifyLoginWithoutProvidingCredentials" time="0.75"/>
  <testcase classname="testcases.LoginPOTest" name="verifyForgottenPasswordIsDisplayedInLoginPage" time="0.021"/>
  <testcase classname="testcases.LoginPOTest" name="verifyPlaceholderText" time="0.023"/>
  <testcase classname="testcases.SearchPOTest" name="verifySearchWithValidProduct" time="0.745"/>
  <testcase classname="testcases.SearchPOTest" name="verifySearchWithInvalidProduct" time="0.414">
    <failure type="java.lang.AssertionError" message="No product in search results is displayed expected [sdadada] but found [There is no product that matches the search criteria.]">
      <![CDATA[java.lang.AssertionError: No product in search results is displayed expected [sdadada] but found [There is no product that matches the search criteria.]
at testcases.SearchPOTest.verifySearchWithInvalidProduct(SearchPOTest.java:45)
at java.base/java.util.ArrayList.forEach(ArrayList.java:1511)
... Removed 34 stack frames]]>
    </failure>
  </testcase> <!-- verifySearchWithInvalidProduct -->
  <testcase classname="testcases.SearchPOTest" name="verifySearchWithoutAnyProduct" time="0.0">
    <skipped/>
  </testcase> <!-- verifySearchWithoutAnyProduct -->
</testsuite> <!-- TutorialsNinja Test Cases -->
